# JRE version: OpenJDK Runtime Environment (8.0_362-b09) (build 1.8.0_362-8u362-ga-0ubuntu1~22.04-b09)
# Java VM: OpenJDK 64-Bit Server VM (25.362-b09 mixed mode linux-amd64 compressed oops)
Heap:
 PSYoungGen      total 318464K, used 6144K [0x00000000ec100000, 0x0000000100000000, 0x0000000100000000)
  eden space 312320K, 0% used [0x00000000ec100000,0x00000000ec100000,0x00000000ff200000)
  from space 6144K, 100% used [0x00000000ff200000,0x00000000ff800000,0x00000000ff800000)
  to   space 8192K, 0% used [0x00000000ff800000,0x00000000ff800000,0x0000000100000000)
 ParOldGen       total 96256K, used 94489K [0x00000000c4200000, 0x00000000ca000000, 0x00000000ec100000)
  object space 96256K, 98% used [0x00000000c4200000,0x00000000c9e464d8,0x00000000ca000000)
 Metaspace       used 3794K, capacity 5200K, committed 5376K, reserved 1056768K
  class space    used 353K, capacity 456K, committed 512K, reserved 1048576K
GC Heap History (10 events):
Event: 3.839 GC heap after
Heap after GC invocations=34 (full 1):
 PSYoungGen      total 315904K, used 96K [0x00000000ec100000, 0x00000000ffe80000, 0x0000000100000000)
  eden space 307712K, 0% used [0x00000000ec100000,0x00000000ec100000,0x00000000fed80000)
  from space 8192K, 1% used [0x00000000fed80000,0x00000000fed98000,0x00000000ff580000)
  to   space 7680K, 0% used [0x00000000ff700000,0x00000000ff700000,0x00000000ffe80000)
 ParOldGen       total 74240K, used 41617K [0x00000000c4200000, 0x00000000c8a80000, 0x00000000ec100000)
  object space 74240K, 56% used [0x00000000c4200000,0x00000000c6aa44c8,0x00000000c8a80000)
 Metaspace       used 3733K, capacity 5104K, committed 5376K, reserved 1056768K
  class space    used 349K, capacity 424K, committed 512K, reserved 1048576K
}
Event: 3.925 GC heap before
{Heap before GC invocations=35 (full 1):
 PSYoungGen      total 315904K, used 307808K [0x00000000ec100000, 0x00000000ffe80000, 0x0000000100000000)
  eden space 307712K, 100% used [0x00000000ec100000,0x00000000fed80000,0x00000000fed80000)
  from space 8192K, 1% used [0x00000000fed80000,0x00000000fed98000,0x00000000ff580000)
  to   space 7680K, 0% used [0x00000000ff700000,0x00000000ff700000,0x00000000ffe80000)
 ParOldGen       total 74240K, used 41617K [0x00000000c4200000, 0x00000000c8a80000, 0x00000000ec100000)
  object space 74240K, 56% used [0x00000000c4200000,0x00000000c6aa44c8,0x00000000c8a80000)
 Metaspace       used 3733K, capacity 5104K, committed 5376K, reserved 1056768K
  class space    used 349K, capacity 424K, committed 512K, reserved 1048576K
Event: 3.928 GC heap after
Heap after GC invocations=35 (full 1):
 PSYoungGen      total 317952K, used 224K [0x00000000ec100000, 0x00000000ffe80000, 0x0000000100000000)
  eden space 310272K, 0% used [0x00000000ec100000,0x00000000ec100000,0x00000000ff000000)
  from space 7680K, 2% used [0x00000000ff700000,0x00000000ff738000,0x00000000ffe80000)
  to   space 7168K, 0% used [0x00000000ff000000,0x00000000ff000000,0x00000000ff700000)
 ParOldGen       total 74240K, used 41633K [0x00000000c4200000, 0x00000000c8a80000, 0x00000000ec100000)
  object space 74240K, 56% used [0x00000000c4200000,0x00000000c6aa84c8,0x00000000c8a80000)
 Metaspace       used 3733K, capacity 5104K, committed 5376K, reserved 1056768K
  class space    used 349K, capacity 424K, committed 512K, reserved 1048576K
}
Event: 4.014 GC heap before
{Heap before GC invocations=36 (full 1):
 PSYoungGen      total 317952K, used 310496K [0x00000000ec100000, 0x00000000ffe80000, 0x0000000100000000)
  eden space 310272K, 100% used [0x00000000ec100000,0x00000000ff000000,0x00000000ff000000)
  from space 7680K, 2% used [0x00000000ff700000,0x00000000ff738000,0x00000000ffe80000)
  to   space 7168K, 0% used [0x00000000ff000000,0x00000000ff000000,0x00000000ff700000)
 ParOldGen       total 74240K, used 41633K [0x00000000c4200000, 0x00000000c8a80000, 0x00000000ec100000)
  object space 74240K, 56% used [0x00000000c4200000,0x00000000c6aa84c8,0x00000000c8a80000)
 Metaspace       used 3733K, capacity 5104K, committed 5376K, reserved 1056768K
  class space    used 349K, capacity 424K, committed 512K, reserved 1048576K
Event: 4.023 GC heap after
Heap after GC invocations=36 (full 1):
 PSYoungGen      total 317440K, used 160K [0x00000000ec100000, 0x00000000ffe80000, 0x0000000100000000)
  eden space 310272K, 0% used [0x00000000ec100000,0x00000000ec100000,0x00000000ff000000)
  from space 7168K, 2% used [0x00000000ff000000,0x00000000ff028000,0x00000000ff700000)
  to   space 6656K, 0% used [0x00000000ff800000,0x00000000ff800000,0x00000000ffe80000)
 ParOldGen       total 74240K, used 41649K [0x00000000c4200000, 0x00000000c8a80000, 0x00000000ec100000)
  object space 74240K, 56% used [0x00000000c4200000,0x00000000c6aac4c8,0x00000000c8a80000)
 Metaspace       used 3733K, capacity 5104K, committed 5376K, reserved 1056768K
  class space    used 349K, capacity 424K, committed 512K, reserved 1048576K
}
Event: 4.111 GC heap before
{Heap before GC invocations=37 (full 1):
 PSYoungGen      total 317440K, used 310432K [0x00000000ec100000, 0x00000000ffe80000, 0x0000000100000000)
  eden space 310272K, 100% used [0x00000000ec100000,0x00000000ff000000,0x00000000ff000000)
  from space 7168K, 2% used [0x00000000ff000000,0x00000000ff028000,0x00000000ff700000)
  to   space 6656K, 0% used [0x00000000ff800000,0x00000000ff800000,0x00000000ffe80000)
 ParOldGen       total 74240K, used 41649K [0x00000000c4200000, 0x00000000c8a80000, 0x00000000ec100000)
  object space 74240K, 56% used [0x00000000c4200000,0x00000000c6aac4c8,0x00000000c8a80000)
 Metaspace       used 3733K, capacity 5104K, committed 5376K, reserved 1056768K
  class space    used 349K, capacity 424K, committed 512K, reserved 1048576K
Event: 4.112 GC heap after
Heap after GC invocations=37 (full 1):
 PSYoungGen      total 318976K, used 256K [0x00000000ec100000, 0x00000000ffe80000, 0x0000000100000000)
  eden space 312320K, 0% used [0x00000000ec100000,0x00000000ec100000,0x00000000ff200000)
  from space 6656K, 3% used [0x00000000ff800000,0x00000000ff840000,0x00000000ffe80000)
  to   space 6144K, 0% used [0x00000000ff200000,0x00000000ff200000,0x00000000ff800000)
 ParOldGen       total 74240K, used 41657K [0x00000000c4200000, 0x00000000c8a80000, 0x00000000ec100000)
  object space 74240K, 56% used [0x00000000c4200000,0x00000000c6aae4c8,0x00000000c8a80000)
 Metaspace       used 3733K, capacity 5104K, committed 5376K, reserved 1056768K
  class space    used 349K, capacity 424K, committed 512K, reserved 1048576K
}
Event: 4.488 GC heap before
{Heap before GC invocations=38 (full 1):
 PSYoungGen      total 318976K, used 312576K [0x00000000ec100000, 0x00000000ffe80000, 0x0000000100000000)
  eden space 312320K, 100% used [0x00000000ec100000,0x00000000ff200000,0x00000000ff200000)
  from space 6656K, 3% used [0x00000000ff800000,0x00000000ff840000,0x00000000ffe80000)
  to   space 6144K, 0% used [0x00000000ff200000,0x00000000ff200000,0x00000000ff800000)
 ParOldGen       total 74240K, used 41657K [0x00000000c4200000, 0x00000000c8a80000, 0x00000000ec100000)
  object space 74240K, 56% used [0x00000000c4200000,0x00000000c6aae4c8,0x00000000c8a80000)
 Metaspace       used 3794K, capacity 5200K, committed 5376K, reserved 1056768K
  class space    used 353K, capacity 456K, committed 512K, reserved 1048576K
Event: 4.538 GC heap after
Heap after GC invocations=38 (full 1):
 PSYoungGen      total 318464K, used 6144K [0x00000000ec100000, 0x0000000100000000, 0x0000000100000000)
  eden space 312320K, 0% used [0x00000000ec100000,0x00000000ec100000,0x00000000ff200000)
  from space 6144K, 100% used [0x00000000ff200000,0x00000000ff800000,0x00000000ff800000)
  to   space 8192K, 0% used [0x00000000ff800000,0x00000000ff800000,0x0000000100000000)
 ParOldGen       total 96256K, used 94489K [0x00000000c4200000, 0x00000000ca000000, 0x00000000ec100000)
  object space 96256K, 98% used [0x00000000c4200000,0x00000000c9e464d8,0x00000000ca000000)
 Metaspace       used 3794K, capacity 5200K, committed 5376K, reserved 1056768K
  class space    used 353K, capacity 456K, committed 512K, reserved 1048576K
}
Event: 4.538 GC heap before
{Heap before GC invocations=39 (full 2):
 PSYoungGen      total 318464K, used 6144K [0x00000000ec100000, 0x0000000100000000, 0x0000000100000000)
  eden space 312320K, 0% used [0x00000000ec100000,0x00000000ec100000,0x00000000ff200000)
  from space 6144K, 100% used [0x00000000ff200000,0x00000000ff800000,0x00000000ff800000)
  to   space 8192K, 0% used [0x00000000ff800000,0x00000000ff800000,0x0000000100000000)
 ParOldGen       total 96256K, used 94489K [0x00000000c4200000, 0x00000000ca000000, 0x00000000ec100000)
  object space 96256K, 98% used [0x00000000c4200000,0x00000000c9e464d8,0x00000000ca000000)
 Metaspace       used 3794K, capacity 5200K, committed 5376K, reserved 1056768K
  class space    used 353K, capacity 456K, committed 512K, reserved 1048576K

